0 info it worked if it ends with ok
1 verbose cli [ '/usr/local/bin/node', '/usr/local/bin/npm', 'start' ]
2 info using npm@6.14.18
3 info using node@v14.21.3
4 verbose run-script [ 'prestart', 'start', 'poststart' ]
5 info lifecycle image-resizer-electron@1.0.0~prestart: image-resizer-electron@1.0.0
6 info lifecycle image-resizer-electron@1.0.0~start: image-resizer-electron@1.0.0
7 verbose lifecycle image-resizer-electron@1.0.0~start: unsafe-perm in lifecycle true
8 verbose lifecycle image-resizer-electron@1.0.0~start: PATH: /usr/local/lib/node_modules/npm/node_modules/npm-lifecycle/node-gyp-bin:/usr/src/app/node_modules/.bin:/usr/local/sbin:/usr/local/bin:/usr/sbin:/usr/bin:/sbin:/bin
9 verbose lifecycle image-resizer-electron@1.0.0~start: CWD: /usr/src/app
10 silly lifecycle image-resizer-electron@1.0.0~start: Args: [ '-c', 'electron .' ]
11 silly lifecycle image-resizer-electron@1.0.0~start: Returned: code: 255  signal: null
12 info lifecycle image-resizer-electron@1.0.0~start: Failed to exec start script
13 verbose stack Error: image-resizer-electron@1.0.0 start: `electron .`
13 verbose stack Exit status 255
13 verbose stack     at EventEmitter.<anonymous> (/usr/local/lib/node_modules/npm/node_modules/npm-lifecycle/index.js:332:16)
13 verbose stack     at EventEmitter.emit (events.js:400:28)
13 verbose stack     at ChildProcess.<anonymous> (/usr/local/lib/node_modules/npm/node_modules/npm-lifecycle/lib/spawn.js:55:14)
13 verbose stack     at ChildProcess.emit (events.js:400:28)
13 verbose stack     at maybeClose (internal/child_process.js:1088:16)
13 verbose stack     at Process.ChildProcess._handle.onexit (internal/child_process.js:296:5)
14 verbose pkgid image-resizer-electron@1.0.0
15 verbose cwd /usr/src/app
16 verbose Linux 5.10.16.3-microsoft-standard-WSL2
17 verbose argv "/usr/local/bin/node" "/usr/local/bin/npm" "start"
18 verbose node v14.21.3
19 verbose npm  v6.14.18
20 error code ELIFECYCLE
21 error errno 255
22 error image-resizer-electron@1.0.0 start: `electron .`
22 error Exit status 255
23 error Failed at the image-resizer-electron@1.0.0 start script.
23 error This is probably not a problem with npm. There is likely additional logging output above.
24 verbose exit [ 255, true ]
